CLASS:Silver Dragon Blood Sorcerer (PC)		HD:6	TYPE:PC.Prestige	ABB:SdbsPC	MAXLEVEL:10
CLASS:Silver Dragon Blood Sorcerer (PC)		PREFEAT:1,Draconic Heritage	PRESKILL:2,Knowledge (Arcana)=8,Concentration=8	PRESPELLTYPE:1,Arcane=3	PRECLASS:1,Sorcerer=6	PRELANG:1,Draconic	PRESTAT:1,CHA=12
CLASS:Silver Dragon Blood Sorcerer (PC)		STARTSKILLPTS:2		CSKILL:Bluff|Concentration|TYPE=Craft|Decipher Script|Knowledge (Arcana)|Spellcraft	BONUS:COMBAT|BASEAB|classlevel("APPLIEDAS=NONEPIC")*3/4|TYPE=Base.REPLACE|PREVAREQ:UseAlternateBABProgression,0	BONUS:SAVE|BASE.Fortitude,BASE.Will|classlevel("APPLIEDAS=NONEPIC")/2+2	BONUS:SAVE|BASE.Reflex|classlevel("APPLIEDAS=NONEPIC")/3
#1	ADD:SPELLCASTER|Arcane	AUTO:FEAT|Silver Dragon Lineage		BONUS:VAR|PhynxkinFamiliarLVL|CL+MIN(classlevel("Sorcerer"),CL)	ABILITY:Silver Dragon Blood Sorcerer Class Feature|AUTOMATIC|Silver Dragon Blood Sorcerer ~ Phynxkin Familiar
1	ADD:SPELLCASTER|Arcane	AUTO:FEAT|Silver Dragon Lineage		BONUS:VAR|PhynxkinFamiliarLVL|CL+MIN(classlevel("Sorcerer"),CL)	ABILITY:Internal|AUTOMATIC|Familiar (SDBS)
2	ADD:SPELLCASTER|Arcane	
3	ADD:SPELLCASTER|Arcane	DEFINE:Pool_DraconicFeat|0	BONUS:VAR|Pool_DraconicFeat|1
4	ADD:SPELLCASTER|Arcane
5	ADD:SPELLCASTER|Arcane
6	ADD:SPELLCASTER|Arcane
7	ADD:SPELLCASTER|Arcane
8	ADD:SPELLCASTER|Arcane
9	ADD:SPELLCASTER|Arcane
10	ADD:SPELLCASTER|Arcane


CLASS:Bardbarian	HD:12	TYPE:PC.Prestige	ABB:Bbrd	MAXLEVEL:10
CLASS:Bardbarian	PRESTAT:1,CHA=10
CLASS:Bardbarian	DEFINE:BardbarianLVL|0	BONUS:VAR|BardbarianLVL|CL
CLASS:Bardbarian	STARTSKILLPTS:2		CSKILL:Balance|Climb|Concentration|TYPE=Craft|Heal|Knowledge (Arcana)	BONUS:COMBAT|BASEAB|classlevel("APPLIEDAS=NONEPIC")|TYPE=Base.REPLACE|PREVAREQ:UseAlternateBABProgression,0	BONUS:SAVE|BASE.Fortitude,BASE.Will|classlevel("APPLIEDAS=NONEPIC")/2+2	BONUS:SAVE|BASE.Reflex|classlevel("APPLIEDAS=NONEPIC")/3	BONUS:SAVE|BASE.Will|classlevel("APPLIEDAS=NONEEPIC")/2+2
CLASS:Bardbarian	PREALIGN:NG,TN,NE,CG,CN,CE


1	ABILITY:Special Ability|AUTOMATIC|Ragesong	ABILITY:Special Ability|AUTOMATIC|Warsong
1	CAST:0	KNOWN:0
2	ABILITY:Special Ability|AUTOMATIC|Canticle of Caution
